<?xml version="1.0" encoding="UTF-8"?>
<!-- Generated by org.testng.reporters.JUnitReportReporter -->
<testsuite hostname="DESKTOP-1K09BVS" failures="0" tests="1" name="Demo.runner_class" time="1.818" errors="0" timestamp="2024-02-24T11:56:32 IST" skipped="0">
  <testcase classname="Demo.runner_class" name="test" time="1.818"/>
</testsuite> <!-- Demo.runner_class -->
